{"/Users/ilyaztsv/projects/my/koa-vue-ssr-boilerplate/index.js": {"path":"/Users/ilyaztsv/projects/my/koa-vue-ssr-boilerplate/index.js","statementMap":{"0":{"start":{"line":1,"column":17},"end":{"line":1,"column":0}},"1":{"start":{"line":2,"column":15},"end":{"line":2,"column":0}},"2":{"start":{"line":4,"column":0},"end":{"line":null,"column":-1}},"3":{"start":{"line":6,"column":15},"end":{"line":6,"column":0}},"4":{"start":{"line":7,"column":17},"end":{"line":7,"column":2}},"5":{"start":{"line":9,"column":20},"end":{"line":9,"column":2}},"6":{"start":{"line":10,"column":15},"end":{"line":10,"column":2}},"7":{"start":{"line":11,"column":19},"end":{"line":11,"column":2}},"8":{"start":{"line":12,"column":18},"end":{"line":12,"column":2}},"9":{"start":{"line":12,"column":26},"end":{"line":12,"column":2}},"10":{"start":{"line":13,"column":16},"end":{"line":13,"column":2}},"11":{"start":{"line":13,"column":28},"end":{"line":13,"column":2}},"12":{"start":{"line":14,"column":2},"end":{"line":null,"column":-1}},"13":{"start":{"line":16,"column":2},"end":{"line":null,"column":-1}},"14":{"start":{"line":18,"column":4},"end":{"line":null,"column":-1}},"15":{"start":{"line":20,"column":2},"end":{"line":null,"column":-1}},"16":{"start":{"line":21,"column":4},"end":{"line":23,"column":5}},"17":{"start":{"line":22,"column":6},"end":{"line":null,"column":-1}},"18":{"start":{"line":26,"column":2},"end":{"line":null,"column":-1}},"19":{"start":{"line":27,"column":4},"end":{"line":null,"column":-1}},"20":{"start":{"line":31,"column":0},"end":{"line":null,"column":-1}},"21":{"start":{"line":32,"column":0},"end":{"line":null,"column":-1}}},"fnMap":{"0":{"name":"(anonymous_0)","decl":{"start":{"line":6,"column":15},"end":{"line":6,"column":23}},"loc":{"start":{"line":6,"column":32},"end":{"line":6,"column":0}}},"1":{"name":"(anonymous_1)","decl":{"start":{"line":12,"column":18},"end":{"line":12,"column":25}},"loc":{"start":{"line":12,"column":26},"end":{"line":12,"column":2}}},"2":{"name":"(anonymous_2)","decl":{"start":{"line":13,"column":16},"end":{"line":13,"column":27}},"loc":{"start":{"line":13,"column":28},"end":{"line":13,"column":2}}},"3":{"name":"closeConnection","decl":{"start":{"line":17,"column":11},"end":{"line":17,"column":2}},"loc":{"start":{"line":17,"column":29},"end":{"line":19,"column":3}}},"4":{"name":"(anonymous_4)","decl":{"start":{"line":20,"column":24},"end":{"line":20,"column":32}},"loc":{"start":{"line":20,"column":38},"end":{"line":20,"column":2}}},"5":{"name":"(anonymous_5)","decl":{"start":{"line":26,"column":24},"end":{"line":26,"column":34}},"loc":{"start":{"line":26,"column":35},"end":{"line":26,"column":2}}}},"branchMap":{"0":{"loc":{"start":{"line":21,"column":4},"end":{"line":23,"column":5}},"type":"if","locations":[{"start":{"line":21,"column":4},"end":{"line":23,"column":5}},{"start":{"line":21,"column":4},"end":{"line":23,"column":5}}]}},"s":{"0":0,"1":0,"2":0,"3":0,"4":0,"5":0,"6":0,"7":0,"8":0,"9":0,"10":0,"11":0,"12":0,"13":0,"14":0,"15":0,"16":0,"17":0,"18":0,"19":0,"20":0,"21":0},"f":{"0":0,"1":0,"2":0,"3":0,"4":0,"5":0},"b":{"0":[0,0]}}
}
